2024-09-20 21:44:54.797 -03:00 [ERR] Erro a transação.
MySql.Data.MySqlClient.MySqlException (0x80004005): There is already an open DataReader associated with this Connection which must be closed first.
   at MySql.Data.MySqlClient.Interceptors.ExceptionInterceptor.Throw(Exception exception)
   at MySql.Data.MySqlClient.MySqlConnection.Throw(Exception ex)
   at MySql.Data.MySqlClient.MySqlCommand.Throw(Exception ex)
   at MySql.Data.MySqlClient.MySqlCommand.CheckState()
   at MySql.Data.MySqlClient.MySqlCommand.ExecuteReaderAsync(CommandBehavior behavior, Boolean execAsync, CancellationToken cancellationToken)
   at MySql.Data.MySqlClient.MySqlCommand.ExecuteReader()
   at TrabalhoPrimeiroBim.services.PagamentoService.confirmarPagamento(Int64 id) in C:\Users\joaor\OneDrive\Área de Trabalho\SI\6º SEMESTRE\LP1\TrabalhoPrimeiroBim (1)\TrabalhoPrimeiroBim\TrabalhoPrimeiroBim\TrabalhoPrimeiroBim\TrabalhoPrimeiroBim\services\PagamentoService.cs:line 106
2024-09-20 21:45:42.093 -03:00 [ERR] Erro a transação.
MySql.Data.MySqlClient.MySqlException (0x80004005): There is already an open DataReader associated with this Connection which must be closed first.
   at MySql.Data.MySqlClient.Interceptors.ExceptionInterceptor.Throw(Exception exception)
   at MySql.Data.MySqlClient.MySqlConnection.Throw(Exception ex)
   at MySql.Data.MySqlClient.MySqlCommand.Throw(Exception ex)
   at MySql.Data.MySqlClient.MySqlCommand.CheckState()
   at MySql.Data.MySqlClient.MySqlCommand.ExecuteReaderAsync(CommandBehavior behavior, Boolean execAsync, CancellationToken cancellationToken)
   at MySql.Data.MySqlClient.MySqlCommand.ExecuteReader()
   at TrabalhoPrimeiroBim.services.PagamentoService.confirmarPagamento(Int64 id) in C:\Users\joaor\OneDrive\Área de Trabalho\SI\6º SEMESTRE\LP1\TrabalhoPrimeiroBim (1)\TrabalhoPrimeiroBim\TrabalhoPrimeiroBim\TrabalhoPrimeiroBim\TrabalhoPrimeiroBim\services\PagamentoService.cs:line 106
2024-09-20 21:49:10.693 -03:00 [ERR] Erro a transação.
MySql.Data.MySqlClient.MySqlException (0x80004005): There is already an open DataReader associated with this Connection which must be closed first.
   at MySql.Data.MySqlClient.Interceptors.ExceptionInterceptor.Throw(Exception exception)
   at MySql.Data.MySqlClient.MySqlConnection.Throw(Exception ex)
   at MySql.Data.MySqlClient.MySqlCommand.Throw(Exception ex)
   at MySql.Data.MySqlClient.MySqlCommand.CheckState()
   at MySql.Data.MySqlClient.MySqlCommand.ExecuteReaderAsync(CommandBehavior behavior, Boolean execAsync, CancellationToken cancellationToken)
   at MySql.Data.MySqlClient.MySqlCommand.ExecuteReader()
   at TrabalhoPrimeiroBim.services.PagamentoService.confirmarPagamento(Int64 id) in C:\Users\joaor\OneDrive\Área de Trabalho\SI\6º SEMESTRE\LP1\TrabalhoPrimeiroBim (1)\TrabalhoPrimeiroBim\TrabalhoPrimeiroBim\TrabalhoPrimeiroBim\TrabalhoPrimeiroBim\services\PagamentoService.cs:line 106
